# JRE version: Java(TM) SE Runtime Environment (8.0_251-b08) (build 1.8.0_251-b08)
# Java VM: Java HotSpot(TM) 64-Bit Server VM (25.251-b08 mixed mode windows-amd64 compressed oops)
Heap:
 PSYoungGen      total 71680K, used 5969K [0x00000000d5f80000, 0x00000000dd780000, 0x0000000100000000)
  eden space 66560K, 1% used [0x00000000d5f80000,0x00000000d6057fb0,0x00000000da080000)
  from space 5120K, 99% used [0x00000000da080000,0x00000000da57c5f0,0x00000000da580000)
  to   space 9216K, 0% used [0x00000000dce80000,0x00000000dce80000,0x00000000dd780000)
 ParOldGen       total 56320K, used 9964K [0x0000000081e00000, 0x0000000085500000, 0x00000000d5f80000)
  object space 56320K, 17% used [0x0000000081e00000,0x00000000827bb058,0x0000000085500000)
 Metaspace       used 26254K, capacity 27784K, committed 27904K, reserved 1073152K
  class space    used 3510K, capacity 3823K, committed 3840K, reserved 1048576K
GC Heap History (10 events):
Event: 1.212 GC heap before
{Heap before GC invocations=2 (full 0):
 PSYoungGen      total 38400K, used 38350K [0x00000000d5f80000, 0x00000000d8a00000, 0x0000000100000000)
  eden space 33280K, 100% used [0x00000000d5f80000,0x00000000d8000000,0x00000000d8000000)
  from space 5120K, 99% used [0x00000000d8000000,0x00000000d84f3b38,0x00000000d8500000)
  to   space 5120K, 0% used [0x00000000d8500000,0x00000000d8500000,0x00000000d8a00000)
 ParOldGen       total 87552K, used 16K [0x0000000081e00000, 0x0000000087380000, 0x00000000d5f80000)
  object space 87552K, 0% used [0x0000000081e00000,0x0000000081e04000,0x0000000087380000)
 Metaspace       used 14213K, capacity 15182K, committed 15360K, reserved 1062912K
  class space    used 1801K, capacity 2008K, committed 2048K, reserved 1048576K
Event: 1.218 GC heap after
Heap after GC invocations=2 (full 0):
 PSYoungGen      total 38400K, used 5092K [0x00000000d5f80000, 0x00000000d8a00000, 0x0000000100000000)
  eden space 33280K, 0% used [0x00000000d5f80000,0x00000000d5f80000,0x00000000d8000000)
  from space 5120K, 99% used [0x00000000d8500000,0x00000000d89f93d0,0x00000000d8a00000)
  to   space 5120K, 0% used [0x00000000d8000000,0x00000000d8000000,0x00000000d8500000)
 ParOldGen       total 87552K, used 835K [0x0000000081e00000, 0x0000000087380000, 0x00000000d5f80000)
  object space 87552K, 0% used [0x0000000081e00000,0x0000000081ed0de8,0x0000000087380000)
 Metaspace       used 14213K, capacity 15182K, committed 15360K, reserved 1062912K
  class space    used 1801K, capacity 2008K, committed 2048K, reserved 1048576K
}
Event: 1.492 GC heap before
{Heap before GC invocations=3 (full 0):
 PSYoungGen      total 38400K, used 38372K [0x00000000d5f80000, 0x00000000d8a00000, 0x0000000100000000)
  eden space 33280K, 100% used [0x00000000d5f80000,0x00000000d8000000,0x00000000d8000000)
  from space 5120K, 99% used [0x00000000d8500000,0x00000000d89f93d0,0x00000000d8a00000)
  to   space 5120K, 0% used [0x00000000d8000000,0x00000000d8000000,0x00000000d8500000)
 ParOldGen       total 87552K, used 835K [0x0000000081e00000, 0x0000000087380000, 0x00000000d5f80000)
  object space 87552K, 0% used [0x0000000081e00000,0x0000000081ed0de8,0x0000000087380000)
 Metaspace       used 17952K, capacity 19090K, committed 19328K, reserved 1067008K
  class space    used 2395K, capacity 2616K, committed 2688K, reserved 1048576K
Event: 1.498 GC heap after
Heap after GC invocations=3 (full 0):
 PSYoungGen      total 38400K, used 5102K [0x00000000d5f80000, 0x00000000daa80000, 0x0000000100000000)
  eden space 33280K, 0% used [0x00000000d5f80000,0x00000000d5f80000,0x00000000d8000000)
  from space 5120K, 99% used [0x00000000d8000000,0x00000000d84fb960,0x00000000d8500000)
  to   space 5120K, 0% used [0x00000000da580000,0x00000000da580000,0x00000000daa80000)
 ParOldGen       total 87552K, used 2753K [0x0000000081e00000, 0x0000000087380000, 0x00000000d5f80000)
  object space 87552K, 3% used [0x0000000081e00000,0x00000000820b0488,0x0000000087380000)
 Metaspace       used 17952K, capacity 19090K, committed 19328K, reserved 1067008K
  class space    used 2395K, capacity 2616K, committed 2688K, reserved 1048576K
}
Event: 1.613 GC heap before
{Heap before GC invocations=4 (full 0):
 PSYoungGen      total 38400K, used 27718K [0x00000000d5f80000, 0x00000000daa80000, 0x0000000100000000)
  eden space 33280K, 67% used [0x00000000d5f80000,0x00000000d7596190,0x00000000d8000000)
  from space 5120K, 99% used [0x00000000d8000000,0x00000000d84fb960,0x00000000d8500000)
  to   space 5120K, 0% used [0x00000000da580000,0x00000000da580000,0x00000000daa80000)
 ParOldGen       total 87552K, used 2753K [0x0000000081e00000, 0x0000000087380000, 0x00000000d5f80000)
  object space 87552K, 3% used [0x0000000081e00000,0x00000000820b0488,0x0000000087380000)
 Metaspace       used 19887K, capacity 21090K, committed 21248K, reserved 1067008K
  class space    used 2704K, capacity 2972K, committed 3072K, reserved 1048576K
Event: 1.618 GC heap after
Heap after GC invocations=4 (full 0):
 PSYoungGen      total 71680K, used 5117K [0x00000000d5f80000, 0x00000000daa80000, 0x0000000100000000)
  eden space 66560K, 0% used [0x00000000d5f80000,0x00000000d5f80000,0x00000000da080000)
  from space 5120K, 99% used [0x00000000da580000,0x00000000daa7f4e0,0x00000000daa80000)
  to   space 5120K, 0% used [0x00000000da080000,0x00000000da080000,0x00000000da580000)
 ParOldGen       total 87552K, used 4339K [0x0000000081e00000, 0x0000000087380000, 0x00000000d5f80000)
  object space 87552K, 4% used [0x0000000081e00000,0x000000008223cd48,0x0000000087380000)
 Metaspace       used 19887K, capacity 21090K, committed 21248K, reserved 1067008K
  class space    used 2704K, capacity 2972K, committed 3072K, reserved 1048576K
}
Event: 1.618 GC heap before
{Heap before GC invocations=5 (full 1):
 PSYoungGen      total 71680K, used 5117K [0x00000000d5f80000, 0x00000000daa80000, 0x0000000100000000)
  eden space 66560K, 0% used [0x00000000d5f80000,0x00000000d5f80000,0x00000000da080000)
  from space 5120K, 99% used [0x00000000da580000,0x00000000daa7f4e0,0x00000000daa80000)
  to   space 5120K, 0% used [0x00000000da080000,0x00000000da080000,0x00000000da580000)
 ParOldGen       total 87552K, used 4339K [0x0000000081e00000, 0x0000000087380000, 0x00000000d5f80000)
  object space 87552K, 4% used [0x0000000081e00000,0x000000008223cd48,0x0000000087380000)
 Metaspace       used 19887K, capacity 21090K, committed 21248K, reserved 1067008K
  class space    used 2704K, capacity 2972K, committed 3072K, reserved 1048576K
Event: 1.642 GC heap after
Heap after GC invocations=5 (full 1):
 PSYoungGen      total 71680K, used 0K [0x00000000d5f80000, 0x00000000daa80000, 0x0000000100000000)
  eden space 66560K, 0% used [0x00000000d5f80000,0x00000000d5f80000,0x00000000da080000)
  from space 5120K, 0% used [0x00000000da580000,0x00000000da580000,0x00000000daa80000)
  to   space 5120K, 0% used [0x00000000da080000,0x00000000da080000,0x00000000da580000)
 ParOldGen       total 56320K, used 6460K [0x0000000081e00000, 0x0000000085500000, 0x00000000d5f80000)
  object space 56320K, 11% used [0x0000000081e00000,0x000000008244f130,0x0000000085500000)
 Metaspace       used 19887K, capacity 21090K, committed 21248K, reserved 1067008K
  class space    used 2704K, capacity 2972K, committed 3072K, reserved 1048576K
}
Event: 2.292 GC heap before
{Heap before GC invocations=6 (full 1):
 PSYoungGen      total 71680K, used 66560K [0x00000000d5f80000, 0x00000000daa80000, 0x0000000100000000)
  eden space 66560K, 100% used [0x00000000d5f80000,0x00000000da080000,0x00000000da080000)
  from space 5120K, 0% used [0x00000000da580000,0x00000000da580000,0x00000000daa80000)
  to   space 5120K, 0% used [0x00000000da080000,0x00000000da080000,0x00000000da580000)
 ParOldGen       total 56320K, used 6460K [0x0000000081e00000, 0x0000000085500000, 0x00000000d5f80000)
  object space 56320K, 11% used [0x0000000081e00000,0x000000008244f130,0x0000000085500000)
 Metaspace       used 26206K, capacity 27720K, committed 27904K, reserved 1073152K
  class space    used 3504K, capacity 3823K, committed 3840K, reserved 1048576K
Event: 2.302 GC heap after
Heap after GC invocations=6 (full 1):
 PSYoungGen      total 71680K, used 5105K [0x00000000d5f80000, 0x00000000dd780000, 0x0000000100000000)
  eden space 66560K, 0% used [0x00000000d5f80000,0x00000000d5f80000,0x00000000da080000)
  from space 5120K, 99% used [0x00000000da080000,0x00000000da57c5f0,0x00000000da580000)
  to   space 9216K, 0% used [0x00000000dce80000,0x00000000dce80000,0x00000000dd780000)
 ParOldGen       total 56320K, used 9964K [0x0000000081e00000, 0x0000000085500000, 0x00000000d5f80000)
  object space 56320K, 17% used [0x0000000081e00000,0x00000000827bb058,0x0000000085500000)
 Metaspace       used 26206K, capacity 27720K, committed 27904K, reserved 1073152K
  class space    used 3504K, capacity 3823K, committed 3840K, reserved 1048576K
}

